C51 COMPILER V9.53.0.0   INTERRUPTS                                                        01/06/2018 22:07:49 PAGE 1   


C51 COMPILER V9.53.0.0, COMPILATION OF MODULE INTERRUPTS
OBJECT MODULE PLACED IN .\src\Interrupts.OBJ
COMPILER INVOKED BY: c:\SiliconLabs\SimplicityStudio\v4\developer\toolchains\keil_8051\9.53\BIN\C51.exe C:\Users\Jacques
                    -\SimplicityStudio\v4_workspace\BBsynth2\src\Interrupts.c OMF2 SMALL DEBUG OBJECTEXTEND ROM(LARGE) WARNINGLEVEL(2) FLOATF
                    -UZZY(3) OPTIMIZE(9,SPEED) DEFINE(NDEBUG=1) INTVECTOR(0X0000) INTPROMOTE INCDIR(C:\Users\Jacques\SimplicityStudio\v4_work
                    -space\BBsynth2\inc;C:/SiliconLabs/SimplicityStudio/v4/developer/sdks/8051/v4.1.0//Device/shared/si8051base;C:/SiliconLab
                    -s/SimplicityStudio/v4/developer/sdks/8051/v4.1.0//Device/EFM8BB1/inc) REGFILE(BBsynth2.ORC) PRINT(.\src\Interrupts.lst) 
                    -COND PAGEWIDTH(120) PAGELENGTH(65) OBJECT(.\src\Interrupts.OBJ)

line level    source

   1          //=========================================================
   2          // src/Interrupts.c: generated by Hardware Configurator
   3          //
   4          // This file will be regenerated when saving a document.
   5          // leave the sections inside the "$[...]" comment tags alone
   6          // or they will be overwritten!
   7          //=========================================================
   8          
   9          // USER INCLUDES
  10          #include <SI_EFM8BB1_Register_Enums.h>
  11          
  12          //-----------------------------------------------------------------------------
  13          // PCA0_ISR
  14          //-----------------------------------------------------------------------------
  15          //
  16          // PCA0 ISR Content goes here. Remember to clear flag bits:
  17          // PCA0CN0::CCF0 (PCA Module 0 Capture/Compare Flag)
  18          // PCA0CN0::CCF1 (PCA Module 1 Capture/Compare Flag)
  19          // PCA0CN0::CCF2 (PCA Module 2 Capture/Compare Flag)
  20          // PCA0CN0::CF (PCA Counter/Timer Overflow Flag)
  21          // PCA0PWM::COVF (Cycle Overflow Flag)
  22          //
  23          //-----------------------------------------------------------------------------
  24          unsigned int step;
  25          SI_INTERRUPT (PCA0_ISR, PCA0_IRQn)
  26          {
  27   1              if (PCA0CN0&PCA0CN0_CCF0__BMASK){
  28   2                      PCA0CN0&=~(PCA0CN0_CCF0__BMASK);
  29   2                      if (step){
  30   3                        P0_B0^=1;
  31   3                        PCA0CP0+=step;
  32   3                      }
  33   2              }
  34   1      }
  35          


MODULE INFORMATION:   STATIC OVERLAYABLE
   CODE SIZE        =     43    ----
   CONSTANT SIZE    =   ----    ----
   XDATA SIZE       =   ----    ----
   PDATA SIZE       =   ----    ----
   DATA SIZE        =      2    ----
   IDATA SIZE       =   ----    ----
   BIT SIZE         =   ----    ----
   EDATA SIZE       =   ----    ----
   HDATA SIZE       =   ----    ----
   XDATA CONST SIZE =   ----    ----
   FAR CONST SIZE   =   ----    ----
END OF MODULE INFORMATION.


C51 COMPILATION COMPLETE.  0 WARNING(S),  0 ERROR(S)
